{"name": "После оформления заказа его номер появляется в разделе \"В работе\"", "status": "passed", "steps": [{"name": "Логиним пользователя", "status": "passed", "steps": [{"name": "Клик по элементу", "status": "broken", "statusDetails": {"message": "selenium.common.exceptions.ElementClickInterceptedException: Message: Element <button class=\"button_button__33qZ0 button_button_type_primary__1O7Bx button_button_size_large__G21Vg\"> is not clickable at point (1276,440) because another element <div class=\"Modal_modal_overlay__x2ZCr\"> obscures it\nStacktrace:\nRemoteError@chrome://remote/content/shared/RemoteError.sys.mjs:8:8\nWebDriverError@chrome://remote/content/shared/webdriver/Errors.sys.mjs:197:5\nElementClickInterceptedError@chrome://remote/content/shared/webdriver/Errors.sys.mjs:342:5\nwebdriverClickElement@chrome://remote/content/marionette/interaction.sys.mjs:177:11\ninteraction.clickElement@chrome://remote/content/marionette/interaction.sys.mjs:136:11\nclickElement@chrome://remote/content/marionette/actors/MarionetteCommandsChild.sys.mjs:344:29\nreceiveMessage@chrome://remote/content/marionette/actors/MarionetteCommandsChild.sys.mjs:220:31\n\n", "trace": "  File \"C:\\Users\\appoc\\PycharmProjects\\3prod\\venv\\Lib\\site-packages\\allure_commons\\_allure.py\", line 192, in impl\n    return func(*a, **kw)\n           ^^^^^^^^^^^^^^\n  File \"C:\\Users\\appoc\\PycharmProjects\\3prod\\pages\\base_page.py\", line 22, in click_element\n    self.driver.find_element(*locator).click()\n  File \"C:\\Users\\appoc\\PycharmProjects\\3prod\\venv\\Lib\\site-packages\\selenium\\webdriver\\remote\\webelement.py\", line 119, in click\n    self._execute(Command.CLICK_ELEMENT)\n  File \"C:\\Users\\appoc\\PycharmProjects\\3prod\\venv\\Lib\\site-packages\\selenium\\webdriver\\remote\\webelement.py\", line 572, in _execute\n    return self._parent.execute(command, params)\n           ^^^^^^^^^^^^^^^^^^^^^^^^^^^^^^^^^^^^^\n  File \"C:\\Users\\appoc\\PycharmProjects\\3prod\\venv\\Lib\\site-packages\\selenium\\webdriver\\remote\\webdriver.py\", line 429, in execute\n    self.error_handler.check_response(response)\n  File \"C:\\Users\\appoc\\PycharmProjects\\3prod\\venv\\Lib\\site-packages\\selenium\\webdriver\\remote\\errorhandler.py\", line 232, in check_response\n    raise exception_class(message, screen, stacktrace)\n"}, "steps": [{"name": "Ожидаем, что элемент станет кликабельным", "status": "passed", "parameters": [{"name": "locator", "value": "['xpath', \"//button[contains(@class, 'button_button__33qZ0')]\"]"}], "start": 1742133831377, "stop": 1742133831436}], "parameters": [{"name": "locator", "value": "['xpath', \"//button[contains(@class, 'button_button__33qZ0')]\"]"}], "start": 1742133831377, "stop": 1742133831472}, {"name": "Ввод данных", "status": "passed", "parameters": [{"name": "locator", "value": "['xpath', \"//*[text()='Email']/following-sibling::input\"]"}, {"name": "keys", "value": "'qweasdzxc@gmail.com'"}], "start": 1742133831572, "stop": 1742133831771}, {"name": "Ввод данных", "status": "passed", "parameters": [{"name": "locator", "value": "['xpath', \"//*[text()='Пароль']/following-sibling::input\"]"}, {"name": "keys", "value": "'qweasdzxc1233'"}], "start": 1742133831772, "stop": 1742133831826}, {"name": "Клик по элементу", "status": "passed", "steps": [{"name": "Ожидаем, что элемент станет кликабельным", "status": "passed", "parameters": [{"name": "locator", "value": "['xpath', \"//button[text()='Войти']\"]"}], "start": 1742133831826, "stop": 1742133831850}], "parameters": [{"name": "locator", "value": "['xpath', \"//button[text()='Войти']\"]"}], "start": 1742133831826, "stop": 1742133832108}], "start": 1742133831377, "stop": 1742133832108}, {"name": "Перетаскиваем ингредиент \"Флюоресцентная булка\" в заказ", "status": "passed", "steps": [{"name": "Перетаскиваем элемент в целевую зону", "status": "passed", "steps": [{"name": "Находим элемент на странице", "status": "passed", "parameters": [{"name": "locator", "value": "['xpath', \"//a[contains(@class, 'BurgerIngredient_ingredient__1TVf6')]\"]"}], "start": 1742133832109, "stop": 1742133832118}, {"name": "Находим элемент на странице", "status": "passed", "parameters": [{"name": "locator", "value": "['xpath', '//ul[@class=\"BurgerConstructor_basket__list__l9dp_\"]/parent::section']"}], "start": 1742133832118, "stop": 1742133832123}], "parameters": [{"name": "source_locator", "value": "['xpath', \"//a[contains(@class, 'BurgerIngredient_ingredient__1TVf6')]\"]"}, {"name": "target_locator", "value": "['xpath', '//ul[@class=\"BurgerConstructor_basket__list__l9dp_\"]/parent::section']"}], "start": 1742133832109, "stop": 1742133832156}], "start": 1742133832108, "stop": 1742133832156}, {"name": "Клик по кнопке \"Оформить заказ", "status": "passed", "steps": [{"name": "Ожидаем, что элемент станет кликабельным", "status": "passed", "parameters": [{"name": "locator", "value": "['xpath', '//button[text()=\"Оформить заказ\"]']"}], "start": 1742133832156, "stop": 1742133832193}, {"name": "Клик по элементу", "status": "broken", "statusDetails": {"message": "selenium.common.exceptions.ElementClickInterceptedException: Message: Element <button class=\"button_button__33qZ0 button_button_type_primary__1O7Bx button_button_size_large__G21Vg\"> is not clickable at point (1280,440) because another element <div class=\"Modal_modal_overlay__x2ZCr\"> obscures it\nStacktrace:\nRemoteError@chrome://remote/content/shared/RemoteError.sys.mjs:8:8\nWebDriverError@chrome://remote/content/shared/webdriver/Errors.sys.mjs:197:5\nElementClickInterceptedError@chrome://remote/content/shared/webdriver/Errors.sys.mjs:342:5\nwebdriverClickElement@chrome://remote/content/marionette/interaction.sys.mjs:177:11\ninteraction.clickElement@chrome://remote/content/marionette/interaction.sys.mjs:136:11\nclickElement@chrome://remote/content/marionette/actors/MarionetteCommandsChild.sys.mjs:344:29\nreceiveMessage@chrome://remote/content/marionette/actors/MarionetteCommandsChild.sys.mjs:220:31\n\n", "trace": "  File \"C:\\Users\\appoc\\PycharmProjects\\3prod\\venv\\Lib\\site-packages\\allure_commons\\_allure.py\", line 192, in impl\n    return func(*a, **kw)\n           ^^^^^^^^^^^^^^\n  File \"C:\\Users\\appoc\\PycharmProjects\\3prod\\pages\\base_page.py\", line 22, in click_element\n    self.driver.find_element(*locator).click()\n  File \"C:\\Users\\appoc\\PycharmProjects\\3prod\\venv\\Lib\\site-packages\\selenium\\webdriver\\remote\\webelement.py\", line 119, in click\n    self._execute(Command.CLICK_ELEMENT)\n  File \"C:\\Users\\appoc\\PycharmProjects\\3prod\\venv\\Lib\\site-packages\\selenium\\webdriver\\remote\\webelement.py\", line 572, in _execute\n    return self._parent.execute(command, params)\n           ^^^^^^^^^^^^^^^^^^^^^^^^^^^^^^^^^^^^^\n  File \"C:\\Users\\appoc\\PycharmProjects\\3prod\\venv\\Lib\\site-packages\\selenium\\webdriver\\remote\\webdriver.py\", line 429, in execute\n    self.error_handler.check_response(response)\n  File \"C:\\Users\\appoc\\PycharmProjects\\3prod\\venv\\Lib\\site-packages\\selenium\\webdriver\\remote\\errorhandler.py\", line 232, in check_response\n    raise exception_class(message, screen, stacktrace)\n"}, "steps": [{"name": "Ожидаем, что элемент станет кликабельным", "status": "passed", "parameters": [{"name": "locator", "value": "['xpath', '//button[text()=\"Оформить заказ\"]']"}], "start": 1742133832194, "stop": 1742133832241}], "parameters": [{"name": "locator", "value": "['xpath', '//button[text()=\"Оформить заказ\"]']"}], "start": 1742133832193, "stop": 1742133832265}], "start": 1742133832156, "stop": 1742133832321}, {"name": "Получаем номер заказа", "status": "passed", "steps": [{"name": "Ожидаем загрузки элемента", "status": "passed", "parameters": [{"name": "locator", "value": "['xpath', '//p[text()=\"идентификатор заказа\"]/preceding-sibling::h2']"}], "start": 1742133835322, "stop": 1742133835356}, {"name": "Читать текст элемента", "status": "passed", "parameters": [{"name": "locator", "value": "['xpath', '//p[text()=\"идентификатор заказа\"]/preceding-sibling::h2']"}], "start": 1742133835357, "stop": 1742133835391}], "start": 1742133835322, "stop": 1742133835391}, {"name": "Закрываем окно с номером заказа", "status": "passed", "steps": [{"name": "Ожидаем, что элемент станет кликабельным", "status": "passed", "parameters": [{"name": "locator", "value": "['xpath', '//*[contains(@class, \"Modal_modal__close_modified\")]']"}], "start": 1742133835392, "stop": 1742133835441}, {"name": "Клик по элементу", "status": "passed", "steps": [{"name": "Ожидаем, что элемент станет кликабельным", "status": "passed", "parameters": [{"name": "locator", "value": "['xpath', '//*[contains(@class, \"Modal_modal__close_modified\")]']"}], "start": 1742133835442, "stop": 1742133835493}], "parameters": [{"name": "locator", "value": "['xpath', '//*[contains(@class, \"Modal_modal__close_modified\")]']"}], "start": 1742133835442, "stop": 1742133835740}], "start": 1742133835391, "stop": 1742133835740}, {"name": "Переходим в ленту заказов", "status": "passed", "steps": [{"name": "Клик по элементу", "status": "passed", "steps": [{"name": "Ожидаем, что элемент станет кликабельным", "status": "passed", "parameters": [{"name": "locator", "value": "['xpath', '//a[@href=\"/feed\"]']"}], "start": 1742133835742, "stop": 1742133835799}], "parameters": [{"name": "locator", "value": "['xpath', '//a[@href=\"/feed\"]']"}], "start": 1742133835740, "stop": 1742133836074}], "start": 1742133835740, "stop": 1742133836074}, {"name": "Получаем номер заказа в разделе \"В работе\"", "status": "passed", "steps": [{"name": "Ожидаем загрузки элемента", "status": "passed", "parameters": [{"name": "locator", "value": "['xpath', '//ul[@class=\"OrderFeed_orderListReady__1YFem OrderFeed_orderList__cBvyi\"]/child::li']"}], "start": 1742133839077, "stop": 1742133839120}, {"name": "Читать текст элемента", "status": "passed", "parameters": [{"name": "locator", "value": "['xpath', '//ul[@class=\"OrderFeed_orderListReady__1YFem OrderFeed_orderList__cBvyi\"]/child::li']"}], "start": 1742133839120, "stop": 1742133839146}], "start": 1742133839077, "stop": 1742133839146}], "parameters": [{"name": "driver", "value": "'firefox'"}], "start": 1742133831377, "stop": 1742133839146, "uuid": "dfa6c499-3245-41e1-bc62-109daee75ff2", "historyId": "89a4d8409a676927d6159ac5333f34d2", "testCaseId": "84f24c69d5df938004456e00e8c21d2c", "fullName": "tests.test_order_feed.TestOrderFeed#test_after_create_order_its_number_appears_in_progress", "labels": [{"name": "parentSuite", "value": "tests"}, {"name": "suite", "value": "test_order_feed"}, {"name": "subSuite", "value": "TestOrderFeed"}, {"name": "host", "value": "Pro_Fortis_M"}, {"name": "thread", "value": "31072-MainThread"}, {"name": "framework", "value": "pytest"}, {"name": "language", "value": "cpython3"}, {"name": "package", "value": "tests.test_order_feed"}]}