{"name": "Заказы пользователя из раздела «История заказов» отображаются на странице «Лента заказов»", "status": "passed", "steps": [{"name": "Логиним пользователя", "status": "passed", "steps": [{"name": "Клик по элементу", "status": "broken", "statusDetails": {"message": "selenium.common.exceptions.ElementClickInterceptedException: Message: Element <button class=\"button_button__33qZ0 button_button_type_primary__1O7Bx button_button_size_large__G21Vg\"> is not clickable at point (1276,440) because another element <div class=\"Modal_modal_overlay__x2ZCr\"> obscures it\nStacktrace:\nRemoteError@chrome://remote/content/shared/RemoteError.sys.mjs:8:8\nWebDriverError@chrome://remote/content/shared/webdriver/Errors.sys.mjs:197:5\nElementClickInterceptedError@chrome://remote/content/shared/webdriver/Errors.sys.mjs:342:5\nwebdriverClickElement@chrome://remote/content/marionette/interaction.sys.mjs:177:11\ninteraction.clickElement@chrome://remote/content/marionette/interaction.sys.mjs:136:11\nclickElement@chrome://remote/content/marionette/actors/MarionetteCommandsChild.sys.mjs:344:29\nreceiveMessage@chrome://remote/content/marionette/actors/MarionetteCommandsChild.sys.mjs:220:31\n\n", "trace": "  File \"C:\\Users\\appoc\\PycharmProjects\\3prod\\venv\\Lib\\site-packages\\allure_commons\\_allure.py\", line 192, in impl\n    return func(*a, **kw)\n           ^^^^^^^^^^^^^^\n  File \"C:\\Users\\appoc\\PycharmProjects\\3prod\\pages\\base_page.py\", line 22, in click_element\n    self.driver.find_element(*locator).click()\n  File \"C:\\Users\\appoc\\PycharmProjects\\3prod\\venv\\Lib\\site-packages\\selenium\\webdriver\\remote\\webelement.py\", line 119, in click\n    self._execute(Command.CLICK_ELEMENT)\n  File \"C:\\Users\\appoc\\PycharmProjects\\3prod\\venv\\Lib\\site-packages\\selenium\\webdriver\\remote\\webelement.py\", line 572, in _execute\n    return self._parent.execute(command, params)\n           ^^^^^^^^^^^^^^^^^^^^^^^^^^^^^^^^^^^^^\n  File \"C:\\Users\\appoc\\PycharmProjects\\3prod\\venv\\Lib\\site-packages\\selenium\\webdriver\\remote\\webdriver.py\", line 429, in execute\n    self.error_handler.check_response(response)\n  File \"C:\\Users\\appoc\\PycharmProjects\\3prod\\venv\\Lib\\site-packages\\selenium\\webdriver\\remote\\errorhandler.py\", line 232, in check_response\n    raise exception_class(message, screen, stacktrace)\n"}, "steps": [{"name": "Ожидаем, что элемент станет кликабельным", "status": "passed", "parameters": [{"name": "locator", "value": "['xpath', \"//button[contains(@class, 'button_button__33qZ0')]\"]"}], "start": 1742130407261, "stop": 1742130407290}], "parameters": [{"name": "locator", "value": "['xpath', \"//button[contains(@class, 'button_button__33qZ0')]\"]"}], "start": 1742130407261, "stop": 1742130407299}, {"name": "Ввод данных", "status": "passed", "parameters": [{"name": "locator", "value": "['xpath', \"//*[text()='Email']/following-sibling::input\"]"}, {"name": "keys", "value": "'qweasdzxc@gmail.com'"}], "start": 1742130407329, "stop": 1742130407420}, {"name": "Ввод данных", "status": "passed", "parameters": [{"name": "locator", "value": "['xpath', \"//*[text()='Пароль']/following-sibling::input\"]"}, {"name": "keys", "value": "'qweasdzxc1233'"}], "start": 1742130407420, "stop": 1742130407458}, {"name": "Клик по элементу", "status": "broken", "statusDetails": {"message": "selenium.common.exceptions.ElementClickInterceptedException: Message: Element <button class=\"button_button__33qZ0 button_button_type_primary__1O7Bx button_button_size_medium__3zxIa\"> is not clickable at point (768,549) because another element <div class=\"Modal_modal_overlay__x2ZCr\"> obscures it\nStacktrace:\nRemoteError@chrome://remote/content/shared/RemoteError.sys.mjs:8:8\nWebDriverError@chrome://remote/content/shared/webdriver/Errors.sys.mjs:197:5\nElementClickInterceptedError@chrome://remote/content/shared/webdriver/Errors.sys.mjs:342:5\nwebdriverClickElement@chrome://remote/content/marionette/interaction.sys.mjs:177:11\ninteraction.clickElement@chrome://remote/content/marionette/interaction.sys.mjs:136:11\nclickElement@chrome://remote/content/marionette/actors/MarionetteCommandsChild.sys.mjs:344:29\nreceiveMessage@chrome://remote/content/marionette/actors/MarionetteCommandsChild.sys.mjs:220:31\n\n", "trace": "  File \"C:\\Users\\appoc\\PycharmProjects\\3prod\\venv\\Lib\\site-packages\\allure_commons\\_allure.py\", line 192, in impl\n    return func(*a, **kw)\n           ^^^^^^^^^^^^^^\n  File \"C:\\Users\\appoc\\PycharmProjects\\3prod\\pages\\base_page.py\", line 22, in click_element\n    self.driver.find_element(*locator).click()\n  File \"C:\\Users\\appoc\\PycharmProjects\\3prod\\venv\\Lib\\site-packages\\selenium\\webdriver\\remote\\webelement.py\", line 119, in click\n    self._execute(Command.CLICK_ELEMENT)\n  File \"C:\\Users\\appoc\\PycharmProjects\\3prod\\venv\\Lib\\site-packages\\selenium\\webdriver\\remote\\webelement.py\", line 572, in _execute\n    return self._parent.execute(command, params)\n           ^^^^^^^^^^^^^^^^^^^^^^^^^^^^^^^^^^^^^\n  File \"C:\\Users\\appoc\\PycharmProjects\\3prod\\venv\\Lib\\site-packages\\selenium\\webdriver\\remote\\webdriver.py\", line 429, in execute\n    self.error_handler.check_response(response)\n  File \"C:\\Users\\appoc\\PycharmProjects\\3prod\\venv\\Lib\\site-packages\\selenium\\webdriver\\remote\\errorhandler.py\", line 232, in check_response\n    raise exception_class(message, screen, stacktrace)\n"}, "steps": [{"name": "Ожидаем, что элемент станет кликабельным", "status": "passed", "parameters": [{"name": "locator", "value": "['xpath', \"//button[text()='Войти']\"]"}], "start": 1742130407459, "stop": 1742130407485}], "parameters": [{"name": "locator", "value": "['xpath', \"//button[text()='Войти']\"]"}], "start": 1742130407459, "stop": 1742130407497}], "start": 1742130407261, "stop": 1742130407534}, {"name": "Перетаскиваем ингредиент \"Флюоресцентная булка\" в заказ", "status": "passed", "steps": [{"name": "Перетаскиваем элемент в целевую зону", "status": "passed", "steps": [{"name": "Находим элемент на странице", "status": "passed", "parameters": [{"name": "locator", "value": "['xpath', \"//a[contains(@class, 'BurgerIngredient_ingredient__1TVf6')]\"]"}], "start": 1742130407534, "stop": 1742130407726}, {"name": "Находим элемент на странице", "status": "passed", "parameters": [{"name": "locator", "value": "['xpath', '//ul[@class=\"BurgerConstructor_basket__list__l9dp_\"]/parent::section']"}], "start": 1742130407727, "stop": 1742130407731}], "parameters": [{"name": "source_locator", "value": "['xpath', \"//a[contains(@class, 'BurgerIngredient_ingredient__1TVf6')]\"]"}, {"name": "target_locator", "value": "['xpath', '//ul[@class=\"BurgerConstructor_basket__list__l9dp_\"]/parent::section']"}], "start": 1742130407534, "stop": 1742130407760}], "start": 1742130407534, "stop": 1742130407760}, {"name": "Клик по кнопке \"Оформить заказ", "status": "passed", "steps": [{"name": "Ожидаем, что элемент станет кликабельным", "status": "passed", "parameters": [{"name": "locator", "value": "['xpath', '//button[text()=\"Оформить заказ\"]']"}], "start": 1742130407760, "stop": 1742130407785}, {"name": "Клик по элементу", "status": "broken", "statusDetails": {"message": "selenium.common.exceptions.ElementClickInterceptedException: Message: Element <button class=\"button_button__33qZ0 button_button_type_primary__1O7Bx button_button_size_large__G21Vg\"> is not clickable at point (1280,440) because another element <div class=\"Modal_modal_overlay__x2ZCr\"> obscures it\nStacktrace:\nRemoteError@chrome://remote/content/shared/RemoteError.sys.mjs:8:8\nWebDriverError@chrome://remote/content/shared/webdriver/Errors.sys.mjs:197:5\nElementClickInterceptedError@chrome://remote/content/shared/webdriver/Errors.sys.mjs:342:5\nwebdriverClickElement@chrome://remote/content/marionette/interaction.sys.mjs:177:11\ninteraction.clickElement@chrome://remote/content/marionette/interaction.sys.mjs:136:11\nclickElement@chrome://remote/content/marionette/actors/MarionetteCommandsChild.sys.mjs:344:29\nreceiveMessage@chrome://remote/content/marionette/actors/MarionetteCommandsChild.sys.mjs:220:31\n\n", "trace": "  File \"C:\\Users\\appoc\\PycharmProjects\\3prod\\venv\\Lib\\site-packages\\allure_commons\\_allure.py\", line 192, in impl\n    return func(*a, **kw)\n           ^^^^^^^^^^^^^^\n  File \"C:\\Users\\appoc\\PycharmProjects\\3prod\\pages\\base_page.py\", line 22, in click_element\n    self.driver.find_element(*locator).click()\n  File \"C:\\Users\\appoc\\PycharmProjects\\3prod\\venv\\Lib\\site-packages\\selenium\\webdriver\\remote\\webelement.py\", line 119, in click\n    self._execute(Command.CLICK_ELEMENT)\n  File \"C:\\Users\\appoc\\PycharmProjects\\3prod\\venv\\Lib\\site-packages\\selenium\\webdriver\\remote\\webelement.py\", line 572, in _execute\n    return self._parent.execute(command, params)\n           ^^^^^^^^^^^^^^^^^^^^^^^^^^^^^^^^^^^^^\n  File \"C:\\Users\\appoc\\PycharmProjects\\3prod\\venv\\Lib\\site-packages\\selenium\\webdriver\\remote\\webdriver.py\", line 429, in execute\n    self.error_handler.check_response(response)\n  File \"C:\\Users\\appoc\\PycharmProjects\\3prod\\venv\\Lib\\site-packages\\selenium\\webdriver\\remote\\errorhandler.py\", line 232, in check_response\n    raise exception_class(message, screen, stacktrace)\n"}, "steps": [{"name": "Ожидаем, что элемент станет кликабельным", "status": "passed", "parameters": [{"name": "locator", "value": "['xpath', '//button[text()=\"Оформить заказ\"]']"}], "start": 1742130407785, "stop": 1742130407814}], "parameters": [{"name": "locator", "value": "['xpath', '//button[text()=\"Оформить заказ\"]']"}], "start": 1742130407785, "stop": 1742130407828}], "start": 1742130407760, "stop": 1742130407851}, {"name": "Получаем номер заказа", "status": "passed", "steps": [{"name": "Ожидаем загрузки элемента", "status": "passed", "parameters": [{"name": "locator", "value": "['xpath', '//p[text()=\"идентификатор заказа\"]/preceding-sibling::h2']"}], "start": 1742130412852, "stop": 1742130412888}, {"name": "Читать текст элемента", "status": "passed", "parameters": [{"name": "locator", "value": "['xpath', '//p[text()=\"идентификатор заказа\"]/preceding-sibling::h2']"}], "start": 1742130412888, "stop": 1742130412923}], "start": 1742130412852, "stop": 1742130412923}, {"name": "Закрываем окно с номером заказа", "status": "passed", "steps": [{"name": "Ожидаем, что элемент станет кликабельным", "status": "passed", "parameters": [{"name": "locator", "value": "['xpath', '//*[contains(@class, \"Modal_modal__close_modified\")]']"}], "start": 1742130412925, "stop": 1742130412972}, {"name": "Клик по элементу", "status": "passed", "steps": [{"name": "Ожидаем, что элемент станет кликабельным", "status": "passed", "parameters": [{"name": "locator", "value": "['xpath', '//*[contains(@class, \"Modal_modal__close_modified\")]']"}], "start": 1742130412974, "stop": 1742130413017}], "parameters": [{"name": "locator", "value": "['xpath', '//*[contains(@class, \"Modal_modal__close_modified\")]']"}], "start": 1742130412974, "stop": 1742130413276}], "start": 1742130412925, "stop": 1742130413276}, {"name": "Переходим в ленту заказов", "status": "passed", "steps": [{"name": "Клик по элементу", "status": "passed", "steps": [{"name": "Ожидаем, что элемент станет кликабельным", "status": "passed", "parameters": [{"name": "locator", "value": "['xpath', '//a[@href=\"/feed\"]']"}], "start": 1742130413280, "stop": 1742130413333}], "parameters": [{"name": "locator", "value": "['xpath', '//a[@href=\"/feed\"]']"}], "start": 1742130413280, "stop": 1742130413613}], "start": 1742130413280, "stop": 1742130413613}, {"name": "Ожидаем загрузки элемента", "status": "passed", "parameters": [{"name": "locator", "value": "['xpath', '//a[@class=\"OrderHistory_link__1iNby\"]']"}], "start": 1742130413613, "stop": 1742130414248}, {"name": "Возвращает все элементы, соответствующие локатору", "status": "passed", "parameters": [{"name": "locator", "value": "['xpath', '//li[@class=\"text text_type_digits-default mb-2\"]']"}], "start": 1742130414248, "stop": 1742130414258}], "parameters": [{"name": "driver", "value": "'firefox'"}], "start": 1742130407261, "stop": 1742130414338, "uuid": "74224a6e-81e7-4f66-b5ab-022049aa0c4a", "historyId": "a0621b7491b1d4f49aeab639d5c97371", "testCaseId": "4b9c7531fb794f0612fe645d66c6dc9a", "fullName": "tests.test_order_feed.TestOrderFeed#test_order_in_order_feed", "labels": [{"name": "parentSuite", "value": "tests"}, {"name": "suite", "value": "test_order_feed"}, {"name": "subSuite", "value": "TestOrderFeed"}, {"name": "host", "value": "Pro_Fortis_M"}, {"name": "thread", "value": "21668-MainThread"}, {"name": "framework", "value": "pytest"}, {"name": "language", "value": "cpython3"}, {"name": "package", "value": "tests.test_order_feed"}]}