{"name": "Выход из аккаунта", "status": "passed", "steps": [{"name": "Клик по элементу", "status": "passed", "steps": [{"name": "Ожидаем, что элемент станет кликабельным", "status": "passed", "parameters": [{"name": "locator", "value": "['xpath', '//a[@href=\"/account\"]']"}], "start": 1742130653167, "stop": 1742130653258}], "parameters": [{"name": "locator", "value": "['xpath', '//a[@href=\"/account\"]']"}], "start": 1742130653165, "stop": 1742130653588}, {"name": "Ввод данных", "status": "passed", "parameters": [{"name": "locator", "value": "['xpath', \"//*[text()='Email']/following-sibling::input\"]"}, {"name": "keys", "value": "'qweasdzxc@gmail.com'"}], "start": 1742130653588, "stop": 1742130653732}, {"name": "Ввод данных", "status": "passed", "parameters": [{"name": "locator", "value": "['xpath', \"//*[text()='Пароль']/following-sibling::input\"]"}, {"name": "keys", "value": "'qweasdzxc1233'"}], "start": 1742130653732, "stop": 1742130653773}, {"name": "Клик по элементу", "status": "passed", "steps": [{"name": "Ожидаем, что элемент станет кликабельным", "status": "passed", "parameters": [{"name": "locator", "value": "['xpath', \"//button[text()='Войти']\"]"}], "start": 1742130653774, "stop": 1742130653788}], "parameters": [{"name": "locator", "value": "['xpath', \"//button[text()='Войти']\"]"}], "start": 1742130653774, "stop": 1742130654024}, {"name": "Клик по элементу", "status": "broken", "statusDetails": {"message": "selenium.common.exceptions.ElementClickInterceptedException: Message: Element <a class=\"AppHeader_header__link__3D_hX\" href=\"/account\"> is not clickable at point (1304,44) because another element <div class=\"Modal_modal_overlay__x2ZCr\"> obscures it\nStacktrace:\nRemoteError@chrome://remote/content/shared/RemoteError.sys.mjs:8:8\nWebDriverError@chrome://remote/content/shared/webdriver/Errors.sys.mjs:197:5\nElementClickInterceptedError@chrome://remote/content/shared/webdriver/Errors.sys.mjs:342:5\nwebdriverClickElement@chrome://remote/content/marionette/interaction.sys.mjs:177:11\ninteraction.clickElement@chrome://remote/content/marionette/interaction.sys.mjs:136:11\nclickElement@chrome://remote/content/marionette/actors/MarionetteCommandsChild.sys.mjs:344:29\nreceiveMessage@chrome://remote/content/marionette/actors/MarionetteCommandsChild.sys.mjs:220:31\n\n", "trace": "  File \"C:\\Users\\appoc\\PycharmProjects\\3prod\\venv\\Lib\\site-packages\\allure_commons\\_allure.py\", line 192, in impl\n    return func(*a, **kw)\n           ^^^^^^^^^^^^^^\n  File \"C:\\Users\\appoc\\PycharmProjects\\3prod\\pages\\base_page.py\", line 22, in click_element\n    self.driver.find_element(*locator).click()\n  File \"C:\\Users\\appoc\\PycharmProjects\\3prod\\venv\\Lib\\site-packages\\selenium\\webdriver\\remote\\webelement.py\", line 119, in click\n    self._execute(Command.CLICK_ELEMENT)\n  File \"C:\\Users\\appoc\\PycharmProjects\\3prod\\venv\\Lib\\site-packages\\selenium\\webdriver\\remote\\webelement.py\", line 572, in _execute\n    return self._parent.execute(command, params)\n           ^^^^^^^^^^^^^^^^^^^^^^^^^^^^^^^^^^^^^\n  File \"C:\\Users\\appoc\\PycharmProjects\\3prod\\venv\\Lib\\site-packages\\selenium\\webdriver\\remote\\webdriver.py\", line 429, in execute\n    self.error_handler.check_response(response)\n  File \"C:\\Users\\appoc\\PycharmProjects\\3prod\\venv\\Lib\\site-packages\\selenium\\webdriver\\remote\\errorhandler.py\", line 232, in check_response\n    raise exception_class(message, screen, stacktrace)\n"}, "steps": [{"name": "Ожидаем, что элемент станет кликабельным", "status": "passed", "parameters": [{"name": "locator", "value": "['xpath', '//a[@href=\"/account\"]']"}], "start": 1742130654024, "stop": 1742130654066}], "parameters": [{"name": "locator", "value": "['xpath', '//a[@href=\"/account\"]']"}], "start": 1742130654024, "stop": 1742130654086}, {"name": "Клик по элементу", "status": "broken", "statusDetails": {"message": "selenium.common.exceptions.ElementClickInterceptedException: Message: Element <button class=\"Account_button__14Yp3 text text_type_main-medium text_color_inactive\" type=\"button\"> is not clickable at point (184,373) because another element <div class=\"Modal_modal_overlay__x2ZCr\"> obscures it\nStacktrace:\nRemoteError@chrome://remote/content/shared/RemoteError.sys.mjs:8:8\nWebDriverError@chrome://remote/content/shared/webdriver/Errors.sys.mjs:197:5\nElementClickInterceptedError@chrome://remote/content/shared/webdriver/Errors.sys.mjs:342:5\nwebdriverClickElement@chrome://remote/content/marionette/interaction.sys.mjs:177:11\ninteraction.clickElement@chrome://remote/content/marionette/interaction.sys.mjs:136:11\nclickElement@chrome://remote/content/marionette/actors/MarionetteCommandsChild.sys.mjs:344:29\nreceiveMessage@chrome://remote/content/marionette/actors/MarionetteCommandsChild.sys.mjs:220:31\n\n", "trace": "  File \"C:\\Users\\appoc\\PycharmProjects\\3prod\\venv\\Lib\\site-packages\\allure_commons\\_allure.py\", line 192, in impl\n    return func(*a, **kw)\n           ^^^^^^^^^^^^^^\n  File \"C:\\Users\\appoc\\PycharmProjects\\3prod\\pages\\base_page.py\", line 22, in click_element\n    self.driver.find_element(*locator).click()\n  File \"C:\\Users\\appoc\\PycharmProjects\\3prod\\venv\\Lib\\site-packages\\selenium\\webdriver\\remote\\webelement.py\", line 119, in click\n    self._execute(Command.CLICK_ELEMENT)\n  File \"C:\\Users\\appoc\\PycharmProjects\\3prod\\venv\\Lib\\site-packages\\selenium\\webdriver\\remote\\webelement.py\", line 572, in _execute\n    return self._parent.execute(command, params)\n           ^^^^^^^^^^^^^^^^^^^^^^^^^^^^^^^^^^^^^\n  File \"C:\\Users\\appoc\\PycharmProjects\\3prod\\venv\\Lib\\site-packages\\selenium\\webdriver\\remote\\webdriver.py\", line 429, in execute\n    self.error_handler.check_response(response)\n  File \"C:\\Users\\appoc\\PycharmProjects\\3prod\\venv\\Lib\\site-packages\\selenium\\webdriver\\remote\\errorhandler.py\", line 232, in check_response\n    raise exception_class(message, screen, stacktrace)\n"}, "steps": [{"name": "Ожидаем, что элемент станет кликабельным", "status": "passed", "parameters": [{"name": "locator", "value": "['xpath', '//button[text()=\"Выход\"]']"}], "start": 1742130654124, "stop": 1742130654309}], "parameters": [{"name": "locator", "value": "['xpath', '//button[text()=\"Выход\"]']"}], "start": 1742130654124, "stop": 1742130654345}, {"name": "Ожидаем, что элемент станет кликабельным", "status": "passed", "parameters": [{"name": "locator", "value": "['xpath', \"//button[text()='Войти']\"]"}], "start": 1742130654386, "stop": 1742130654969}], "parameters": [{"name": "driver", "value": "'firefox'"}], "start": 1742130653164, "stop": 1742130654972, "uuid": "369b2740-edd2-4807-a176-e8e3f786bf3f", "historyId": "681e010259198744f0a117603cc8639a", "testCaseId": "4a2bbce9bd8921e2774d35c6b70b61cf", "fullName": "tests.test_profile_lk.TestProfileAccount#test_logout", "labels": [{"name": "parentSuite", "value": "tests"}, {"name": "suite", "value": "test_profile_lk"}, {"name": "subSuite", "value": "TestProfileAccount"}, {"name": "host", "value": "Pro_Fortis_M"}, {"name": "thread", "value": "21668-MainThread"}, {"name": "framework", "value": "pytest"}, {"name": "language", "value": "cpython3"}, {"name": "package", "value": "tests.test_profile_lk"}]}