{"name": "Переход на вкладку История заказов", "status": "passed", "steps": [{"name": "Клик по элементу", "status": "passed", "steps": [{"name": "Ожидаем, что элемент станет кликабельным", "status": "passed", "parameters": [{"name": "locator", "value": "['xpath', '//a[@href=\"/account\"]']"}], "start": 1742131611226, "stop": 1742131611287}], "parameters": [{"name": "locator", "value": "['xpath', '//a[@href=\"/account\"]']"}], "start": 1742131611226, "stop": 1742131611670}, {"name": "Ввод данных", "status": "passed", "parameters": [{"name": "locator", "value": "['xpath', \"//*[text()='Email']/following-sibling::input\"]"}, {"name": "keys", "value": "'qweasdzxc@gmail.com'"}], "start": 1742131611672, "stop": 1742131611878}, {"name": "Ввод данных", "status": "passed", "parameters": [{"name": "locator", "value": "['xpath', \"//*[text()='Пароль']/following-sibling::input\"]"}, {"name": "keys", "value": "'qweasdzxc1233'"}], "start": 1742131611879, "stop": 1742131611977}, {"name": "Клик по элементу", "status": "passed", "steps": [{"name": "Ожидаем, что элемент станет кликабельным", "status": "passed", "parameters": [{"name": "locator", "value": "['xpath', \"//button[text()='Войти']\"]"}], "start": 1742131611978, "stop": 1742131612009}], "parameters": [{"name": "locator", "value": "['xpath', \"//button[text()='Войти']\"]"}], "start": 1742131611978, "stop": 1742131612294}, {"name": "Клик по элементу", "status": "broken", "statusDetails": {"message": "selenium.common.exceptions.ElementClickInterceptedException: Message: Element <a class=\"AppHeader_header__link__3D_hX\" href=\"/account\"> is not clickable at point (1304,44) because another element <div class=\"Modal_modal_overlay__x2ZCr\"> obscures it\nStacktrace:\nRemoteError@chrome://remote/content/shared/RemoteError.sys.mjs:8:8\nWebDriverError@chrome://remote/content/shared/webdriver/Errors.sys.mjs:197:5\nElementClickInterceptedError@chrome://remote/content/shared/webdriver/Errors.sys.mjs:342:5\nwebdriverClickElement@chrome://remote/content/marionette/interaction.sys.mjs:177:11\ninteraction.clickElement@chrome://remote/content/marionette/interaction.sys.mjs:136:11\nclickElement@chrome://remote/content/marionette/actors/MarionetteCommandsChild.sys.mjs:344:29\nreceiveMessage@chrome://remote/content/marionette/actors/MarionetteCommandsChild.sys.mjs:220:31\n\n", "trace": "  File \"C:\\Users\\appoc\\PycharmProjects\\3prod\\venv\\Lib\\site-packages\\allure_commons\\_allure.py\", line 192, in impl\n    return func(*a, **kw)\n           ^^^^^^^^^^^^^^\n  File \"C:\\Users\\appoc\\PycharmProjects\\3prod\\pages\\base_page.py\", line 22, in click_element\n    self.driver.find_element(*locator).click()\n  File \"C:\\Users\\appoc\\PycharmProjects\\3prod\\venv\\Lib\\site-packages\\selenium\\webdriver\\remote\\webelement.py\", line 119, in click\n    self._execute(Command.CLICK_ELEMENT)\n  File \"C:\\Users\\appoc\\PycharmProjects\\3prod\\venv\\Lib\\site-packages\\selenium\\webdriver\\remote\\webelement.py\", line 572, in _execute\n    return self._parent.execute(command, params)\n           ^^^^^^^^^^^^^^^^^^^^^^^^^^^^^^^^^^^^^\n  File \"C:\\Users\\appoc\\PycharmProjects\\3prod\\venv\\Lib\\site-packages\\selenium\\webdriver\\remote\\webdriver.py\", line 429, in execute\n    self.error_handler.check_response(response)\n  File \"C:\\Users\\appoc\\PycharmProjects\\3prod\\venv\\Lib\\site-packages\\selenium\\webdriver\\remote\\errorhandler.py\", line 232, in check_response\n    raise exception_class(message, screen, stacktrace)\n"}, "steps": [{"name": "Ожидаем, что элемент станет кликабельным", "status": "passed", "parameters": [{"name": "locator", "value": "['xpath', '//a[@href=\"/account\"]']"}], "start": 1742131612294, "stop": 1742131612326}], "parameters": [{"name": "locator", "value": "['xpath', '//a[@href=\"/account\"]']"}], "start": 1742131612294, "stop": 1742131612340}, {"name": "Клик по элементу", "status": "broken", "statusDetails": {"message": "selenium.common.exceptions.ElementClickInterceptedException: Message: Element <a class=\"Account_link__2ETsJ text text_type_main-medium text_color_inactive\" href=\"/account/order-history\"> is not clickable at point (256,307) because another element <div class=\"Modal_modal_overlay__x2ZCr\"> obscures it\nStacktrace:\nRemoteError@chrome://remote/content/shared/RemoteError.sys.mjs:8:8\nWebDriverError@chrome://remote/content/shared/webdriver/Errors.sys.mjs:197:5\nElementClickInterceptedError@chrome://remote/content/shared/webdriver/Errors.sys.mjs:342:5\nwebdriverClickElement@chrome://remote/content/marionette/interaction.sys.mjs:177:11\ninteraction.clickElement@chrome://remote/content/marionette/interaction.sys.mjs:136:11\nclickElement@chrome://remote/content/marionette/actors/MarionetteCommandsChild.sys.mjs:344:29\nreceiveMessage@chrome://remote/content/marionette/actors/MarionetteCommandsChild.sys.mjs:220:31\n\n", "trace": "  File \"C:\\Users\\appoc\\PycharmProjects\\3prod\\venv\\Lib\\site-packages\\allure_commons\\_allure.py\", line 192, in impl\n    return func(*a, **kw)\n           ^^^^^^^^^^^^^^\n  File \"C:\\Users\\appoc\\PycharmProjects\\3prod\\pages\\base_page.py\", line 22, in click_element\n    self.driver.find_element(*locator).click()\n  File \"C:\\Users\\appoc\\PycharmProjects\\3prod\\venv\\Lib\\site-packages\\selenium\\webdriver\\remote\\webelement.py\", line 119, in click\n    self._execute(Command.CLICK_ELEMENT)\n  File \"C:\\Users\\appoc\\PycharmProjects\\3prod\\venv\\Lib\\site-packages\\selenium\\webdriver\\remote\\webelement.py\", line 572, in _execute\n    return self._parent.execute(command, params)\n           ^^^^^^^^^^^^^^^^^^^^^^^^^^^^^^^^^^^^^\n  File \"C:\\Users\\appoc\\PycharmProjects\\3prod\\venv\\Lib\\site-packages\\selenium\\webdriver\\remote\\webdriver.py\", line 429, in execute\n    self.error_handler.check_response(response)\n  File \"C:\\Users\\appoc\\PycharmProjects\\3prod\\venv\\Lib\\site-packages\\selenium\\webdriver\\remote\\errorhandler.py\", line 232, in check_response\n    raise exception_class(message, screen, stacktrace)\n"}, "steps": [{"name": "Ожидаем, что элемент станет кликабельным", "status": "passed", "parameters": [{"name": "locator", "value": "['xpath', \"//a[text()='История заказов']\"]"}], "start": 1742131612392, "stop": 1742131612562}], "parameters": [{"name": "locator", "value": "['xpath', \"//a[text()='История заказов']\"]"}], "start": 1742131612392, "stop": 1742131612594}], "parameters": [{"name": "driver", "value": "'firefox'"}], "start": 1742131611225, "stop": 1742131612667, "uuid": "16429d5b-61e6-4f3b-8038-0fce21b31e64", "historyId": "6235a11950ea088f027964abd441870c", "testCaseId": "27cd73bb18f5b1f66ca804e9b61d14a1", "fullName": "tests.test_profile_lk.TestProfileAccount#test_switch_order_history", "labels": [{"name": "parentSuite", "value": "tests"}, {"name": "suite", "value": "test_profile_lk"}, {"name": "subSuite", "value": "TestProfileAccount"}, {"name": "host", "value": "Pro_Fortis_M"}, {"name": "thread", "value": "32564-MainThread"}, {"name": "framework", "value": "pytest"}, {"name": "language", "value": "cpython3"}, {"name": "package", "value": "tests.test_profile_lk"}]}