{"name": "Переход на вкладку История заказов", "status": "broken", "statusDetails": {"message": "selenium.common.exceptions.NoSuchWindowException: Message: no such window: target window already closed\nfrom unknown error: web view not found\n  (Session info: chrome=134.0.6998.89)\nStacktrace:\n\tGetHandleVerifier [0x00007FF75478FE45+26629]\n\t(No symbol) [0x00007FF7546F6010]\n\t(No symbol) [0x00007FF75458931A]\n\t(No symbol) [0x00007FF754561753]\n\t(No symbol) [0x00007FF75460F6BE]\n\t(No symbol) [0x00007FF75462FA55]\n\t(No symbol) [0x00007FF754607883]\n\t(No symbol) [0x00007FF7545D0550]\n\t(No symbol) [0x00007FF7545D1803]\n\tGetHandleVerifier [0x00007FF754AE72BD+3529853]\n\tGetHandleVerifier [0x00007FF754AFDA22+3621858]\n\tGetHandleVerifier [0x00007FF754AF24D3+3575443]\n\tGetHandleVerifier [0x00007FF75485B77A+860474]\n\t(No symbol) [0x00007FF75470088F]\n\t(No symbol) [0x00007FF7546FCBC4]\n\t(No symbol) [0x00007FF7546FCD66]\n\t(No symbol) [0x00007FF7546EC2C9]\n\tBaseThreadInitThunk [0x00007FF83284E8D7+23]\n\tRtlUserThreadStart [0x00007FF833CBBF2C+44]", "trace": "self = <test_profile_lk.TestProfileAccount object at 0x000001CDB95D5EE0>\ndriver = <selenium.webdriver.chrome.webdriver.WebDriver (session=\"cd11b6b92b2c7f153e71eee45a43a944\")>\n\n    @allure.title('Переход на вкладку История заказов')\n    def test_switch_order_history(self, driver):\n        test = ProfilePage(driver)\n>       test.click_lk()\n\ntests\\test_profile_lk.py:22: \n_ _ _ _ _ _ _ _ _ _ _ _ _ _ _ _ _ _ _ _ _ _ _ _ _ _ _ _ _ _ _ _ _ _ _ _ _ _ _ _ _ _ _ _ _ _ _ _ _ _ _ _ _ _ _ _ _ _ _ _ _ _ _ _ _ _ _ _ _ _ _ _ _ _ _ _ _ _ _ _ \npages\\profile_page.py:14: in click_lk\n    self.click_element(LocatorsProfilePage.LK_BUTTON)\npages\\base_page.py:21: in click_element\n    self.wait_to_clickable(locator)\npages\\base_page.py:17: in wait_to_clickable\n    WebDriverWait(self.driver, 10).until(EC.element_to_be_clickable(locator))\nvenv\\Lib\\site-packages\\selenium\\webdriver\\support\\wait.py:137: in until\n    value = method(self._driver)\nvenv\\Lib\\site-packages\\selenium\\webdriver\\support\\expected_conditions.py:631: in _predicate\n    target = driver.find_element(*target)  # grab element at locator\nvenv\\Lib\\site-packages\\selenium\\webdriver\\remote\\webdriver.py:898: in find_element\n    return self.execute(Command.FIND_ELEMENT, {\"using\": by, \"value\": value})[\"value\"]\nvenv\\Lib\\site-packages\\selenium\\webdriver\\remote\\webdriver.py:429: in execute\n    self.error_handler.check_response(response)\n_ _ _ _ _ _ _ _ _ _ _ _ _ _ _ _ _ _ _ _ _ _ _ _ _ _ _ _ _ _ _ _ _ _ _ _ _ _ _ _ _ _ _ _ _ _ _ _ _ _ _ _ _ _ _ _ _ _ _ _ _ _ _ _ _ _ _ _ _ _ _ _ _ _ _ _ _ _ _ _ \n\nself = <selenium.webdriver.remote.errorhandler.ErrorHandler object at 0x000001CDB9612030>\nresponse = {'status': 404, 'value': '{\"value\":{\"error\":\"no such window\",\"message\":\"no such window: target window already closed\\\\...07FF7546EC2C9]\\\\n\\\\tBaseThreadInitThunk [0x00007FF83284E8D7+23]\\\\n\\\\tRtlUserThreadStart [0x00007FF833CBBF2C+44]\\\\n\"}}'}\n\n    def check_response(self, response: Dict[str, Any]) -> None:\n        \"\"\"Checks that a JSON response from the WebDriver does not have an\n        error.\n    \n        :Args:\n         - response - The JSON response from the WebDriver server as a dictionary\n           object.\n    \n        :Raises: If the response contains an error message.\n        \"\"\"\n        status = response.get(\"status\", None)\n        if not status or status == ErrorCode.SUCCESS:\n            return\n        value = None\n        message = response.get(\"message\", \"\")\n        screen: str = response.get(\"screen\", \"\")\n        stacktrace = None\n        if isinstance(status, int):\n            value_json = response.get(\"value\", None)\n            if value_json and isinstance(value_json, str):\n                import json\n    \n                try:\n                    value = json.loads(value_json)\n                    if len(value) == 1:\n                        value = value[\"value\"]\n                    status = value.get(\"error\", None)\n                    if not status:\n                        status = value.get(\"status\", ErrorCode.UNKNOWN_ERROR)\n                        message = value.get(\"value\") or value.get(\"message\")\n                        if not isinstance(message, str):\n                            value = message\n                            message = message.get(\"message\")\n                    else:\n                        message = value.get(\"message\", None)\n                except ValueError:\n                    pass\n    \n        exception_class: Type[WebDriverException]\n        e = ErrorCode()\n        error_codes = [item for item in dir(e) if not item.startswith(\"__\")]\n        for error_code in error_codes:\n            error_info = getattr(ErrorCode, error_code)\n            if isinstance(error_info, list) and status in error_info:\n                exception_class = getattr(ExceptionMapping, error_code, WebDriverException)\n                break\n        else:\n            exception_class = WebDriverException\n    \n        if not value:\n            value = response[\"value\"]\n        if isinstance(value, str):\n            raise exception_class(value)\n        if message == \"\" and \"message\" in value:\n            message = value[\"message\"]\n    \n        screen = None  # type: ignore[assignment]\n        if \"screen\" in value:\n            screen = value[\"screen\"]\n    \n        stacktrace = None\n        st_value = value.get(\"stackTrace\") or value.get(\"stacktrace\")\n        if st_value:\n            if isinstance(st_value, str):\n                stacktrace = st_value.split(\"\\n\")\n            else:\n                stacktrace = []\n                try:\n                    for frame in st_value:\n                        line = frame.get(\"lineNumber\", \"\")\n                        file = frame.get(\"fileName\", \"<anonymous>\")\n                        if line:\n                            file = f\"{file}:{line}\"\n                        meth = frame.get(\"methodName\", \"<anonymous>\")\n                        if \"className\" in frame:\n                            meth = f\"{frame['className']}.{meth}\"\n                        msg = \"    at %s (%s)\"\n                        msg = msg % (meth, file)\n                        stacktrace.append(msg)\n                except TypeError:\n                    pass\n        if exception_class == UnexpectedAlertPresentException:\n            alert_text = None\n            if \"data\" in value:\n                alert_text = value[\"data\"].get(\"text\")\n            elif \"alert\" in value:\n                alert_text = value[\"alert\"].get(\"text\")\n            raise exception_class(message, screen, stacktrace, alert_text)  # type: ignore[call-arg]  # mypy is not smart enough here\n>       raise exception_class(message, screen, stacktrace)\nE       selenium.common.exceptions.NoSuchWindowException: Message: no such window: target window already closed\nE       from unknown error: web view not found\nE         (Session info: chrome=134.0.6998.89)\nE       Stacktrace:\nE       \tGetHandleVerifier [0x00007FF75478FE45+26629]\nE       \t(No symbol) [0x00007FF7546F6010]\nE       \t(No symbol) [0x00007FF75458931A]\nE       \t(No symbol) [0x00007FF754561753]\nE       \t(No symbol) [0x00007FF75460F6BE]\nE       \t(No symbol) [0x00007FF75462FA55]\nE       \t(No symbol) [0x00007FF754607883]\nE       \t(No symbol) [0x00007FF7545D0550]\nE       \t(No symbol) [0x00007FF7545D1803]\nE       \tGetHandleVerifier [0x00007FF754AE72BD+3529853]\nE       \tGetHandleVerifier [0x00007FF754AFDA22+3621858]\nE       \tGetHandleVerifier [0x00007FF754AF24D3+3575443]\nE       \tGetHandleVerifier [0x00007FF75485B77A+860474]\nE       \t(No symbol) [0x00007FF75470088F]\nE       \t(No symbol) [0x00007FF7546FCBC4]\nE       \t(No symbol) [0x00007FF7546FCD66]\nE       \t(No symbol) [0x00007FF7546EC2C9]\nE       \tBaseThreadInitThunk [0x00007FF83284E8D7+23]\nE       \tRtlUserThreadStart [0x00007FF833CBBF2C+44]\n\nvenv\\Lib\\site-packages\\selenium\\webdriver\\remote\\errorhandler.py:232: NoSuchWindowException"}, "steps": [{"name": "Клик по элементу", "status": "broken", "statusDetails": {"message": "selenium.common.exceptions.NoSuchWindowException: Message: no such window: target window already closed\nfrom unknown error: web view not found\n  (Session info: chrome=134.0.6998.89)\nStacktrace:\n\tGetHandleVerifier [0x00007FF75478FE45+26629]\n\t(No symbol) [0x00007FF7546F6010]\n\t(No symbol) [0x00007FF75458931A]\n\t(No symbol) [0x00007FF754561753]\n\t(No symbol) [0x00007FF75460F6BE]\n\t(No symbol) [0x00007FF75462FA55]\n\t(No symbol) [0x00007FF754607883]\n\t(No symbol) [0x00007FF7545D0550]\n\t(No symbol) [0x00007FF7545D1803]\n\tGetHandleVerifier [0x00007FF754AE72BD+3529853]\n\tGetHandleVerifier [0x00007FF754AFDA22+3621858]\n\tGetHandleVerifier [0x00007FF754AF24D3+3575443]\n\tGetHandleVerifier [0x00007FF75485B77A+860474]\n\t(No symbol) [0x00007FF75470088F]\n\t(No symbol) [0x00007FF7546FCBC4]\n\t(No symbol) [0x00007FF7546FCD66]\n\t(No symbol) [0x00007FF7546EC2C9]\n\tBaseThreadInitThunk [0x00007FF83284E8D7+23]\n\tRtlUserThreadStart [0x00007FF833CBBF2C+44]\n\n", "trace": "  File \"C:\\Users\\appoc\\PycharmProjects\\3prod\\venv\\Lib\\site-packages\\allure_commons\\_allure.py\", line 192, in impl\n    return func(*a, **kw)\n           ^^^^^^^^^^^^^^\n  File \"C:\\Users\\appoc\\PycharmProjects\\3prod\\pages\\base_page.py\", line 21, in click_element\n    self.wait_to_clickable(locator)\n  File \"C:\\Users\\appoc\\PycharmProjects\\3prod\\venv\\Lib\\site-packages\\allure_commons\\_allure.py\", line 192, in impl\n    return func(*a, **kw)\n           ^^^^^^^^^^^^^^\n  File \"C:\\Users\\appoc\\PycharmProjects\\3prod\\pages\\base_page.py\", line 17, in wait_to_clickable\n    WebDriverWait(self.driver, 10).until(EC.element_to_be_clickable(locator))\n  File \"C:\\Users\\appoc\\PycharmProjects\\3prod\\venv\\Lib\\site-packages\\selenium\\webdriver\\support\\wait.py\", line 137, in until\n    value = method(self._driver)\n            ^^^^^^^^^^^^^^^^^^^^\n  File \"C:\\Users\\appoc\\PycharmProjects\\3prod\\venv\\Lib\\site-packages\\selenium\\webdriver\\support\\expected_conditions.py\", line 631, in _predicate\n    target = driver.find_element(*target)  # grab element at locator\n             ^^^^^^^^^^^^^^^^^^^^^^^^^^^^\n  File \"C:\\Users\\appoc\\PycharmProjects\\3prod\\venv\\Lib\\site-packages\\selenium\\webdriver\\remote\\webdriver.py\", line 898, in find_element\n    return self.execute(Command.FIND_ELEMENT, {\"using\": by, \"value\": value})[\"value\"]\n           ^^^^^^^^^^^^^^^^^^^^^^^^^^^^^^^^^^^^^^^^^^^^^^^^^^^^^^^^^^^^^^^^^\n  File \"C:\\Users\\appoc\\PycharmProjects\\3prod\\venv\\Lib\\site-packages\\selenium\\webdriver\\remote\\webdriver.py\", line 429, in execute\n    self.error_handler.check_response(response)\n  File \"C:\\Users\\appoc\\PycharmProjects\\3prod\\venv\\Lib\\site-packages\\selenium\\webdriver\\remote\\errorhandler.py\", line 232, in check_response\n    raise exception_class(message, screen, stacktrace)\n"}, "steps": [{"name": "Ожидаем, что элемент станет кликабельным", "status": "broken", "statusDetails": {"message": "selenium.common.exceptions.NoSuchWindowException: Message: no such window: target window already closed\nfrom unknown error: web view not found\n  (Session info: chrome=134.0.6998.89)\nStacktrace:\n\tGetHandleVerifier [0x00007FF75478FE45+26629]\n\t(No symbol) [0x00007FF7546F6010]\n\t(No symbol) [0x00007FF75458931A]\n\t(No symbol) [0x00007FF754561753]\n\t(No symbol) [0x00007FF75460F6BE]\n\t(No symbol) [0x00007FF75462FA55]\n\t(No symbol) [0x00007FF754607883]\n\t(No symbol) [0x00007FF7545D0550]\n\t(No symbol) [0x00007FF7545D1803]\n\tGetHandleVerifier [0x00007FF754AE72BD+3529853]\n\tGetHandleVerifier [0x00007FF754AFDA22+3621858]\n\tGetHandleVerifier [0x00007FF754AF24D3+3575443]\n\tGetHandleVerifier [0x00007FF75485B77A+860474]\n\t(No symbol) [0x00007FF75470088F]\n\t(No symbol) [0x00007FF7546FCBC4]\n\t(No symbol) [0x00007FF7546FCD66]\n\t(No symbol) [0x00007FF7546EC2C9]\n\tBaseThreadInitThunk [0x00007FF83284E8D7+23]\n\tRtlUserThreadStart [0x00007FF833CBBF2C+44]\n\n", "trace": "  File \"C:\\Users\\appoc\\PycharmProjects\\3prod\\venv\\Lib\\site-packages\\allure_commons\\_allure.py\", line 192, in impl\n    return func(*a, **kw)\n           ^^^^^^^^^^^^^^\n  File \"C:\\Users\\appoc\\PycharmProjects\\3prod\\pages\\base_page.py\", line 17, in wait_to_clickable\n    WebDriverWait(self.driver, 10).until(EC.element_to_be_clickable(locator))\n  File \"C:\\Users\\appoc\\PycharmProjects\\3prod\\venv\\Lib\\site-packages\\selenium\\webdriver\\support\\wait.py\", line 137, in until\n    value = method(self._driver)\n            ^^^^^^^^^^^^^^^^^^^^\n  File \"C:\\Users\\appoc\\PycharmProjects\\3prod\\venv\\Lib\\site-packages\\selenium\\webdriver\\support\\expected_conditions.py\", line 631, in _predicate\n    target = driver.find_element(*target)  # grab element at locator\n             ^^^^^^^^^^^^^^^^^^^^^^^^^^^^\n  File \"C:\\Users\\appoc\\PycharmProjects\\3prod\\venv\\Lib\\site-packages\\selenium\\webdriver\\remote\\webdriver.py\", line 898, in find_element\n    return self.execute(Command.FIND_ELEMENT, {\"using\": by, \"value\": value})[\"value\"]\n           ^^^^^^^^^^^^^^^^^^^^^^^^^^^^^^^^^^^^^^^^^^^^^^^^^^^^^^^^^^^^^^^^^\n  File \"C:\\Users\\appoc\\PycharmProjects\\3prod\\venv\\Lib\\site-packages\\selenium\\webdriver\\remote\\webdriver.py\", line 429, in execute\n    self.error_handler.check_response(response)\n  File \"C:\\Users\\appoc\\PycharmProjects\\3prod\\venv\\Lib\\site-packages\\selenium\\webdriver\\remote\\errorhandler.py\", line 232, in check_response\n    raise exception_class(message, screen, stacktrace)\n"}, "parameters": [{"name": "locator", "value": "['xpath', '//a[@href=\"/account\"]']"}], "start": 1742130614133, "stop": 1742130614139}], "parameters": [{"name": "locator", "value": "['xpath', '//a[@href=\"/account\"]']"}], "start": 1742130614133, "stop": 1742130614139}], "parameters": [{"name": "driver", "value": "'chrome'"}], "start": 1742130614133, "stop": 1742130614143, "uuid": "798a9077-1977-4dac-9575-1878f7967f1d", "historyId": "d4b836a371774d96833155f2bee23443", "testCaseId": "27cd73bb18f5b1f66ca804e9b61d14a1", "fullName": "tests.test_profile_lk.TestProfileAccount#test_switch_order_history", "labels": [{"name": "parentSuite", "value": "tests"}, {"name": "suite", "value": "test_profile_lk"}, {"name": "subSuite", "value": "TestProfileAccount"}, {"name": "host", "value": "Pro_Fortis_M"}, {"name": "thread", "value": "21668-MainThread"}, {"name": "framework", "value": "pytest"}, {"name": "language", "value": "cpython3"}, {"name": "package", "value": "tests.test_profile_lk"}]}